stdio    D         file_stdio.c:110  file_stdio_fopen                 [   0.00000] opening D:\I2P1\allegro5.cfg r
system   D            wsystem.c:874  _al_win_safe_load_library        [   0.00000] PathFindOnPath found: C:\WINDOWS\system32\shcore.dll
system   D            wsystem.c:780  load_library_at_path             [   0.00000] Calling LoadLibrary C:\WINDOWS\system32\shcore.dll
system   I            wsystem.c:783  load_library_at_path             [   0.00000] Loaded C:\WINDOWS\system32\shcore.dll
system   I             system.c:271  al_install_system                [   0.00000] Allegro version: 5.2.7
audio-dsound I           dsound.cpp:271  _dsound_open                     [   0.00059] Starting DirectSound...
audio-dsound D           dsound.cpp:280  _dsound_open                     [   0.03284] DirectSoundCreate8 succeeded
audio-dsound I           dsound.cpp:73   get_window                       [   0.03292] Using desktop window: 0000000000010010
audio    I              audio.c:347  do_install_audio                 [   0.03303] Using DirectSound driver
system   D            wsystem.c:874  _al_win_safe_load_library        [   0.03325] PathFindOnPath found: C:\WINDOWS\system32\d3d9.dll
system   D            wsystem.c:780  load_library_at_path             [   0.03327] Calling LoadLibrary C:\WINDOWS\system32\d3d9.dll
system   I            wsystem.c:783  load_library_at_path             [   0.03465] Loaded C:\WINDOWS\system32\d3d9.dll
d3d      I         d3d_disp.cpp:684  d3d_init_display                 [   0.11755] Render-to-texture: 1
d3d      I         d3d_disp.cpp:1782 d3d_create_display_locked        [   0.11871] faux_fullscreen=0
d3d      D         d3d_disp.cpp:1783 d3d_create_display_locked        [   0.11874] al_display=00000000006cbd20
d3d      D         d3d_disp.cpp:1784 d3d_create_display_locked        [   0.11875] al_display->vt=00000000006cbbb0
d3d      I d3d_display_formats.cpp:144  _al_d3d_generate_display_format_list [   0.12533] found 128 format combinations
display  D   display_settings.c:212  debug_display_settings           [   0.12538] color: 32 (rgba 8880), depth: 0, stencil: 0, acc: 0000, samples: 0/0
display  D   display_settings.c:527  _al_score_display_settings       [   0.12539] Score is : 897
display  D   display_settings.c:212  debug_display_settings           [   0.12541] color: 32 (rgba 8880), depth: 0, stencil: 0, acc: 0000, samples: 0/0
display  D   display_settings.c:527  _al_score_display_settings       [   0.12542] Score is : 897
display  D   display_settings.c:212  debug_display_settings           [   0.12544] color: 32 (rgba 8880), depth: 0, stencil: 0, acc: 0000, samples: 2/1
display  D   display_settings.c:527  _al_score_display_settings       [   0.12545] Score is : 726
display  D   display_settings.c:212  debug_display_settings           [   0.12546] color: 32 (rgba 8880), depth: 0, stencil: 0, acc: 0000, samples: 3/1
display  D   display_settings.c:527  _al_score_display_settings       [   0.12549] Score is : 721
display  D   display_settings.c:212  debug_display_settings           [   0.12562] color: 32 (rgba 8880), depth: 24, stencil: 8, acc: 0000, samples: 0/0
display  D   display_settings.c:527  _al_score_display_settings       [   0.12563] Score is : 897
display  D   display_settings.c:212  debug_display_settings           [   0.12565] color: 32 (rgba 8880), depth: 24, stencil: 8, acc: 0000, samples: 0/0
display  D   display_settings.c:527  _al_score_display_settings       [   0.12566] Score is : 897
display  D   display_settings.c:212  debug_display_settings           [   0.12568] color: 32 (rgba 8880), depth: 24, stencil: 8, acc: 0000, samples: 2/1
display  D   display_settings.c:527  _al_score_display_settings       [   0.12569] Score is : 726
display  D   display_settings.c:212  debug_display_settings           [   0.12570] color: 32 (rgba 8880), depth: 24, stencil: 8, acc: 0000, samples: 3/1
display  D   display_settings.c:527  _al_score_display_settings       [   0.12572] Score is : 721
display  D   display_settings.c:212  debug_display_settings           [   0.12573] color: 32 (rgba 8880), depth: 24, stencil: 0, acc: 0000, samples: 0/0
display  D   display_settings.c:527  _al_score_display_settings       [   0.12579] Score is : 897
display  D   display_settings.c:212  debug_display_settings           [   0.12581] color: 32 (rgba 8880), depth: 24, stencil: 0, acc: 0000, samples: 0/0
display  D   display_settings.c:527  _al_score_display_settings       [   0.12583] Score is : 897
display  D   display_settings.c:212  debug_display_settings           [   0.12584] color: 32 (rgba 8880), depth: 24, stencil: 0, acc: 0000, samples: 2/1
display  D   display_settings.c:527  _al_score_display_settings       [   0.12585] Score is : 726
display  D   display_settings.c:212  debug_display_settings           [   0.12587] color: 32 (rgba 8880), depth: 24, stencil: 0, acc: 0000, samples: 3/1
display  D   display_settings.c:527  _al_score_display_settings       [   0.12588] Score is : 721
display  D   display_settings.c:212  debug_display_settings           [   0.12590] color: 32 (rgba 8880), depth: 16, stencil: 0, acc: 0000, samples: 0/0
display  D   display_settings.c:527  _al_score_display_settings       [   0.12591] Score is : 897
display  D   display_settings.c:212  debug_display_settings           [   0.12592] color: 32 (rgba 8880), depth: 16, stencil: 0, acc: 0000, samples: 0/0
display  D   display_settings.c:527  _al_score_display_settings       [   0.12594] Score is : 897
display  D   display_settings.c:212  debug_display_settings           [   0.12595] color: 32 (rgba 8880), depth: 16, stencil: 0, acc: 0000, samples: 2/1
display  D   display_settings.c:527  _al_score_display_settings       [   0.12597] Score is : 726
display  D   display_settings.c:212  debug_display_settings           [   0.12598] color: 32 (rgba 8880), depth: 16, stencil: 0, acc: 0000, samples: 3/1
display  D   display_settings.c:527  _al_score_display_settings       [   0.12599] Score is : 721
display  D   display_settings.c:212  debug_display_settings           [   0.12601] color: 16 (rgba 5650), depth: 0, stencil: 0, acc: 0000, samples: 0/0
display  D   display_settings.c:527  _al_score_display_settings       [   0.12602] Score is : 897
display  D   display_settings.c:212  debug_display_settings           [   0.12603] color: 16 (rgba 5650), depth: 0, stencil: 0, acc: 0000, samples: 0/0
display  D   display_settings.c:527  _al_score_display_settings       [   0.12605] Score is : 897
display  D   display_settings.c:212  debug_display_settings           [   0.12606] color: 16 (rgba 5650), depth: 0, stencil: 0, acc: 0000, samples: 2/1
display  D   display_settings.c:527  _al_score_display_settings       [   0.12608] Score is : 726
display  D   display_settings.c:212  debug_display_settings           [   0.12609] color: 16 (rgba 5650), depth: 0, stencil: 0, acc: 0000, samples: 3/1
display  D   display_settings.c:527  _al_score_display_settings       [   0.12610] Score is : 721
display  D   display_settings.c:212  debug_display_settings           [   0.12612] color: 16 (rgba 5650), depth: 24, stencil: 8, acc: 0000, samples: 0/0
display  D   display_settings.c:527  _al_score_display_settings       [   0.12613] Score is : 897
display  D   display_settings.c:212  debug_display_settings           [   0.12614] color: 16 (rgba 5650), depth: 24, stencil: 8, acc: 0000, samples: 0/0
display  D   display_settings.c:527  _al_score_display_settings       [   0.12616] Score is : 897
display  D   display_settings.c:212  debug_display_settings           [   0.12617] color: 16 (rgba 5650), depth: 24, stencil: 8, acc: 0000, samples: 2/1
display  D   display_settings.c:527  _al_score_display_settings       [   0.12619] Score is : 726
display  D   display_settings.c:212  debug_display_settings           [   0.12620] color: 16 (rgba 5650), depth: 24, stencil: 8, acc: 0000, samples: 3/1
display  D   display_settings.c:527  _al_score_display_settings       [   0.12621] Score is : 721
display  D   display_settings.c:212  debug_display_settings           [   0.12623] color: 16 (rgba 5650), depth: 24, stencil: 0, acc: 0000, samples: 0/0
display  D   display_settings.c:527  _al_score_display_settings       [   0.12624] Score is : 897
display  D   display_settings.c:212  debug_display_settings           [   0.12626] color: 16 (rgba 5650), depth: 24, stencil: 0, acc: 0000, samples: 0/0
display  D   display_settings.c:527  _al_score_display_settings       [   0.12627] Score is : 897
display  D   display_settings.c:212  debug_display_settings           [   0.12628] color: 16 (rgba 5650), depth: 24, stencil: 0, acc: 0000, samples: 2/1
display  D   display_settings.c:527  _al_score_display_settings       [   0.12630] Score is : 726
display  D   display_settings.c:212  debug_display_settings           [   0.12631] color: 16 (rgba 5650), depth: 24, stencil: 0, acc: 0000, samples: 3/1
display  D   display_settings.c:527  _al_score_display_settings       [   0.12633] Score is : 721
display  D   display_settings.c:212  debug_display_settings           [   0.12634] color: 16 (rgba 5650), depth: 16, stencil: 0, acc: 0000, samples: 0/0
display  D   display_settings.c:527  _al_score_display_settings       [   0.12635] Score is : 897
display  D   display_settings.c:212  debug_display_settings           [   0.12637] color: 16 (rgba 5650), depth: 16, stencil: 0, acc: 0000, samples: 0/0
display  D   display_settings.c:527  _al_score_display_settings       [   0.12638] Score is : 897
display  D   display_settings.c:212  debug_display_settings           [   0.12639] color: 16 (rgba 5650), depth: 16, stencil: 0, acc: 0000, samples: 2/1
display  D   display_settings.c:527  _al_score_display_settings       [   0.12641] Score is : 726
display  D   display_settings.c:212  debug_display_settings           [   0.12642] color: 16 (rgba 5650), depth: 16, stencil: 0, acc: 0000, samples: 3/1
display  D   display_settings.c:527  _al_score_display_settings       [   0.12644] Score is : 721
display  D   display_settings.c:212  debug_display_settings           [   0.12645] color: 32 (rgba 8880), depth: 0, stencil: 0, acc: 0000, samples: 0/0
display  D   display_settings.c:398  _al_score_display_settings       [   0.12646] Single Buffer requirement not met.
display  D   display_settings.c:212  debug_display_settings           [   0.12648] color: 32 (rgba 8880), depth: 0, stencil: 0, acc: 0000, samples: 0/0
display  D   display_settings.c:398  _al_score_display_settings       [   0.12649] Single Buffer requirement not met.
display  D   display_settings.c:212  debug_display_settings           [   0.12651] color: 32 (rgba 8880), depth: 0, stencil: 0, acc: 0000, samples: 2/1
display  D   display_settings.c:398  _al_score_display_settings       [   0.12652] Single Buffer requirement not met.
display  D   display_settings.c:212  debug_display_settings           [   0.12654] color: 32 (rgba 8880), depth: 0, stencil: 0, acc: 0000, samples: 3/1
display  D   display_settings.c:398  _al_score_display_settings       [   0.12655] Single Buffer requirement not met.
display  D   display_settings.c:212  debug_display_settings           [   0.12656] color: 32 (rgba 8880), depth: 24, stencil: 8, acc: 0000, samples: 0/0
display  D   display_settings.c:398  _al_score_display_settings       [   0.12658] Single Buffer requirement not met.
display  D   display_settings.c:212  debug_display_settings           [   0.12659] color: 32 (rgba 8880), depth: 24, stencil: 8, acc: 0000, samples: 0/0
display  D   display_settings.c:398  _al_score_display_settings       [   0.12661] Single Buffer requirement not met.
display  D   display_settings.c:212  debug_display_settings           [   0.12662] color: 32 (rgba 8880), depth: 24, stencil: 8, acc: 0000, samples: 2/1
display  D   display_settings.c:398  _al_score_display_settings       [   0.12664] Single Buffer requirement not met.
display  D   display_settings.c:212  debug_display_settings           [   0.12665] color: 32 (rgba 8880), depth: 24, stencil: 8, acc: 0000, samples: 3/1
display  D   display_settings.c:398  _al_score_display_settings       [   0.12666] Single Buffer requirement not met.
display  D   display_settings.c:212  debug_display_settings           [   0.12668] color: 32 (rgba 8880), depth: 24, stencil: 0, acc: 0000, samples: 0/0
display  D   display_settings.c:398  _al_score_display_settings       [   0.12669] Single Buffer requirement not met.
display  D   display_settings.c:212  debug_display_settings           [   0.12671] color: 32 (rgba 8880), depth: 24, stencil: 0, acc: 0000, samples: 0/0
display  D   display_settings.c:398  _al_score_display_settings       [   0.12672] Single Buffer requirement not met.
display  D   display_settings.c:212  debug_display_settings           [   0.12674] color: 32 (rgba 8880), depth: 24, stencil: 0, acc: 0000, samples: 2/1
display  D   display_settings.c:398  _al_score_display_settings       [   0.12675] Single Buffer requirement not met.
display  D   display_settings.c:212  debug_display_settings           [   0.12676] color: 32 (rgba 8880), depth: 24, stencil: 0, acc: 0000, samples: 3/1
display  D   display_settings.c:398  _al_score_display_settings       [   0.12678] Single Buffer requirement not met.
display  D   display_settings.c:212  debug_display_settings           [   0.12679] color: 32 (rgba 8880), depth: 16, stencil: 0, acc: 0000, samples: 0/0
display  D   display_settings.c:398  _al_score_display_settings       [   0.12681] Single Buffer requirement not met.
display  D   display_settings.c:212  debug_display_settings           [   0.12682] color: 32 (rgba 8880), depth: 16, stencil: 0, acc: 0000, samples: 0/0
display  D   display_settings.c:398  _al_score_display_settings       [   0.12683] Single Buffer requirement not met.
display  D   display_settings.c:212  debug_display_settings           [   0.12685] color: 32 (rgba 8880), depth: 16, stencil: 0, acc: 0000, samples: 2/1
display  D   display_settings.c:398  _al_score_display_settings       [   0.12686] Single Buffer requirement not met.
display  D   display_settings.c:212  debug_display_settings           [   0.12688] color: 32 (rgba 8880), depth: 16, stencil: 0, acc: 0000, samples: 3/1
display  D   display_settings.c:398  _al_score_display_settings       [   0.12689] Single Buffer requirement not met.
display  D   display_settings.c:212  debug_display_settings           [   0.12690] color: 16 (rgba 5650), depth: 0, stencil: 0, acc: 0000, samples: 0/0
display  D   display_settings.c:398  _al_score_display_settings       [   0.12692] Single Buffer requirement not met.
display  D   display_settings.c:212  debug_display_settings           [   0.12694] color: 16 (rgba 5650), depth: 0, stencil: 0, acc: 0000, samples: 0/0
display  D   display_settings.c:398  _al_score_display_settings       [   0.12695] Single Buffer requirement not met.
display  D   display_settings.c:212  debug_display_settings           [   0.12697] color: 16 (rgba 5650), depth: 0, stencil: 0, acc: 0000, samples: 2/1
display  D   display_settings.c:398  _al_score_display_settings       [   0.12698] Single Buffer requirement not met.
display  D   display_settings.c:212  debug_display_settings           [   0.12699] color: 16 (rgba 5650), depth: 0, stencil: 0, acc: 0000, samples: 3/1
display  D   display_settings.c:398  _al_score_display_settings       [   0.12701] Single Buffer requirement not met.
display  D   display_settings.c:212  debug_display_settings           [   0.12702] color: 16 (rgba 5650), depth: 24, stencil: 8, acc: 0000, samples: 0/0
display  D   display_settings.c:398  _al_score_display_settings       [   0.12704] Single Buffer requirement not met.
display  D   display_settings.c:212  debug_display_settings           [   0.12705] color: 16 (rgba 5650), depth: 24, stencil: 8, acc: 0000, samples: 0/0
display  D   display_settings.c:398  _al_score_display_settings       [   0.12706] Single Buffer requirement not met.
display  D   display_settings.c:212  debug_display_settings           [   0.12708] color: 16 (rgba 5650), depth: 24, stencil: 8, acc: 0000, samples: 2/1
display  D   display_settings.c:398  _al_score_display_settings       [   0.12709] Single Buffer requirement not met.
display  D   display_settings.c:212  debug_display_settings           [   0.12711] color: 16 (rgba 5650), depth: 24, stencil: 8, acc: 0000, samples: 3/1
display  D   display_settings.c:398  _al_score_display_settings       [   0.12714] Single Buffer requirement not met.
display  D   display_settings.c:212  debug_display_settings           [   0.12715] color: 16 (rgba 5650), depth: 24, stencil: 0, acc: 0000, samples: 0/0
display  D   display_settings.c:398  _al_score_display_settings       [   0.12717] Single Buffer requirement not met.
display  D   display_settings.c:212  debug_display_settings           [   0.12718] color: 16 (rgba 5650), depth: 24, stencil: 0, acc: 0000, samples: 0/0
display  D   display_settings.c:398  _al_score_display_settings       [   0.12720] Single Buffer requirement not met.
display  D   display_settings.c:212  debug_display_settings           [   0.12721] color: 16 (rgba 5650), depth: 24, stencil: 0, acc: 0000, samples: 2/1
display  D   display_settings.c:398  _al_score_display_settings       [   0.12722] Single Buffer requirement not met.
display  D   display_settings.c:212  debug_display_settings           [   0.12724] color: 16 (rgba 5650), depth: 24, stencil: 0, acc: 0000, samples: 3/1
display  D   display_settings.c:398  _al_score_display_settings       [   0.12725] Single Buffer requirement not met.
display  D   display_settings.c:212  debug_display_settings           [   0.12727] color: 16 (rgba 5650), depth: 16, stencil: 0, acc: 0000, samples: 0/0
display  D   display_settings.c:398  _al_score_display_settings       [   0.12728] Single Buffer requirement not met.
display  D   display_settings.c:212  debug_display_settings           [   0.12729] color: 16 (rgba 5650), depth: 16, stencil: 0, acc: 0000, samples: 0/0
display  D   display_settings.c:398  _al_score_display_settings       [   0.12731] Single Buffer requirement not met.
display  D   display_settings.c:212  debug_display_settings           [   0.12732] color: 16 (rgba 5650), depth: 16, stencil: 0, acc: 0000, samples: 2/1
display  D   display_settings.c:398  _al_score_display_settings       [   0.12734] Single Buffer requirement not met.
display  D   display_settings.c:212  debug_display_settings           [   0.12735] color: 16 (rgba 5650), depth: 16, stencil: 0, acc: 0000, samples: 3/1
display  D   display_settings.c:398  _al_score_display_settings       [   0.12736] Single Buffer requirement not met.
display  D   display_settings.c:212  debug_display_settings           [   0.12738] color: 32 (rgba 8880), depth: 0, stencil: 0, acc: 0000, samples: 0/0
display  D   display_settings.c:527  _al_score_display_settings       [   0.12739] Score is : 769
display  D   display_settings.c:212  debug_display_settings           [   0.12740] color: 32 (rgba 8880), depth: 0, stencil: 0, acc: 0000, samples: 0/0
display  D   display_settings.c:527  _al_score_display_settings       [   0.12742] Score is : 769
display  D   display_settings.c:212  debug_display_settings           [   0.12743] color: 32 (rgba 8880), depth: 0, stencil: 0, acc: 0000, samples: 2/1
display  D   display_settings.c:527  _al_score_display_settings       [   0.12745] Score is : 598
display  D   display_settings.c:212  debug_display_settings           [   0.12746] color: 32 (rgba 8880), depth: 0, stencil: 0, acc: 0000, samples: 3/1
display  D   display_settings.c:527  _al_score_display_settings       [   0.12747] Score is : 593
display  D   display_settings.c:212  debug_display_settings           [   0.12749] color: 32 (rgba 8880), depth: 24, stencil: 8, acc: 0000, samples: 0/0
display  D   display_settings.c:527  _al_score_display_settings       [   0.12750] Score is : 769
display  D   display_settings.c:212  debug_display_settings           [   0.12751] color: 32 (rgba 8880), depth: 24, stencil: 8, acc: 0000, samples: 0/0
display  D   display_settings.c:527  _al_score_display_settings       [   0.12753] Score is : 769
display  D   display_settings.c:212  debug_display_settings           [   0.12754] color: 32 (rgba 8880), depth: 24, stencil: 8, acc: 0000, samples: 2/1
display  D   display_settings.c:527  _al_score_display_settings       [   0.12757] Score is : 598
display  D   display_settings.c:212  debug_display_settings           [   0.12758] color: 32 (rgba 8880), depth: 24, stencil: 8, acc: 0000, samples: 3/1
display  D   display_settings.c:527  _al_score_display_settings       [   0.12760] Score is : 593
display  D   display_settings.c:212  debug_display_settings           [   0.12761] color: 32 (rgba 8880), depth: 24, stencil: 0, acc: 0000, samples: 0/0
display  D   display_settings.c:527  _al_score_display_settings       [   0.12763] Score is : 769
display  D   display_settings.c:212  debug_display_settings           [   0.12764] color: 32 (rgba 8880), depth: 24, stencil: 0, acc: 0000, samples: 0/0
display  D   display_settings.c:527  _al_score_display_settings       [   0.12765] Score is : 769
display  D   display_settings.c:212  debug_display_settings           [   0.12767] color: 32 (rgba 8880), depth: 24, stencil: 0, acc: 0000, samples: 2/1
display  D   display_settings.c:527  _al_score_display_settings       [   0.12768] Score is : 598
display  D   display_settings.c:212  debug_display_settings           [   0.12769] color: 32 (rgba 8880), depth: 24, stencil: 0, acc: 0000, samples: 3/1
display  D   display_settings.c:527  _al_score_display_settings       [   0.12771] Score is : 593
display  D   display_settings.c:212  debug_display_settings           [   0.12772] color: 32 (rgba 8880), depth: 16, stencil: 0, acc: 0000, samples: 0/0
display  D   display_settings.c:527  _al_score_display_settings       [   0.12773] Score is : 769
display  D   display_settings.c:212  debug_display_settings           [   0.12775] color: 32 (rgba 8880), depth: 16, stencil: 0, acc: 0000, samples: 0/0
display  D   display_settings.c:527  _al_score_display_settings       [   0.12776] Score is : 769
display  D   display_settings.c:212  debug_display_settings           [   0.12777] color: 32 (rgba 8880), depth: 16, stencil: 0, acc: 0000, samples: 2/1
display  D   display_settings.c:527  _al_score_display_settings       [   0.12779] Score is : 598
display  D   display_settings.c:212  debug_display_settings           [   0.12780] color: 32 (rgba 8880), depth: 16, stencil: 0, acc: 0000, samples: 3/1
display  D   display_settings.c:527  _al_score_display_settings       [   0.12781] Score is : 593
display  D   display_settings.c:212  debug_display_settings           [   0.12782] color: 16 (rgba 5650), depth: 0, stencil: 0, acc: 0000, samples: 0/0
display  D   display_settings.c:527  _al_score_display_settings       [   0.12784] Score is : 769
display  D   display_settings.c:212  debug_display_settings           [   0.12785] color: 16 (rgba 5650), depth: 0, stencil: 0, acc: 0000, samples: 0/0
display  D   display_settings.c:527  _al_score_display_settings       [   0.12786] Score is : 769
display  D   display_settings.c:212  debug_display_settings           [   0.12788] color: 16 (rgba 5650), depth: 0, stencil: 0, acc: 0000, samples: 2/1
display  D   display_settings.c:527  _al_score_display_settings       [   0.12789] Score is : 598
display  D   display_settings.c:212  debug_display_settings           [   0.12790] color: 16 (rgba 5650), depth: 0, stencil: 0, acc: 0000, samples: 3/1
display  D   display_settings.c:527  _al_score_display_settings       [   0.12792] Score is : 593
display  D   display_settings.c:212  debug_display_settings           [   0.12793] color: 16 (rgba 5650), depth: 24, stencil: 8, acc: 0000, samples: 0/0
display  D   display_settings.c:527  _al_score_display_settings       [   0.12794] Score is : 769
display  D   display_settings.c:212  debug_display_settings           [   0.12795] color: 16 (rgba 5650), depth: 24, stencil: 8, acc: 0000, samples: 0/0
display  D   display_settings.c:527  _al_score_display_settings       [   0.12797] Score is : 769
display  D   display_settings.c:212  debug_display_settings           [   0.12798] color: 16 (rgba 5650), depth: 24, stencil: 8, acc: 0000, samples: 2/1
display  D   display_settings.c:527  _al_score_display_settings       [   0.12799] Score is : 598
display  D   display_settings.c:212  debug_display_settings           [   0.12802] color: 16 (rgba 5650), depth: 24, stencil: 8, acc: 0000, samples: 3/1
display  D   display_settings.c:527  _al_score_display_settings       [   0.12804] Score is : 593
display  D   display_settings.c:212  debug_display_settings           [   0.12805] color: 16 (rgba 5650), depth: 24, stencil: 0, acc: 0000, samples: 0/0
display  D   display_settings.c:527  _al_score_display_settings       [   0.12806] Score is : 769
display  D   display_settings.c:212  debug_display_settings           [   0.12808] color: 16 (rgba 5650), depth: 24, stencil: 0, acc: 0000, samples: 0/0
display  D   display_settings.c:527  _al_score_display_settings       [   0.12809] Score is : 769
display  D   display_settings.c:212  debug_display_settings           [   0.12810] color: 16 (rgba 5650), depth: 24, stencil: 0, acc: 0000, samples: 2/1
display  D   display_settings.c:527  _al_score_display_settings       [   0.12812] Score is : 598
display  D   display_settings.c:212  debug_display_settings           [   0.12813] color: 16 (rgba 5650), depth: 24, stencil: 0, acc: 0000, samples: 3/1
display  D   display_settings.c:527  _al_score_display_settings       [   0.12814] Score is : 593
display  D   display_settings.c:212  debug_display_settings           [   0.12815] color: 16 (rgba 5650), depth: 16, stencil: 0, acc: 0000, samples: 0/0
display  D   display_settings.c:527  _al_score_display_settings       [   0.12817] Score is : 769
display  D   display_settings.c:212  debug_display_settings           [   0.12818] color: 16 (rgba 5650), depth: 16, stencil: 0, acc: 0000, samples: 0/0
display  D   display_settings.c:527  _al_score_display_settings       [   0.12819] Score is : 769
display  D   display_settings.c:212  debug_display_settings           [   0.12821] color: 16 (rgba 5650), depth: 16, stencil: 0, acc: 0000, samples: 2/1
display  D   display_settings.c:527  _al_score_display_settings       [   0.12822] Score is : 598
display  D   display_settings.c:212  debug_display_settings           [   0.12823] color: 16 (rgba 5650), depth: 16, stencil: 0, acc: 0000, samples: 3/1
display  D   display_settings.c:527  _al_score_display_settings       [   0.12825] Score is : 593
display  D   display_settings.c:212  debug_display_settings           [   0.12826] color: 32 (rgba 8880), depth: 0, stencil: 0, acc: 0000, samples: 0/0
display  D   display_settings.c:398  _al_score_display_settings       [   0.12827] Single Buffer requirement not met.
display  D   display_settings.c:212  debug_display_settings           [   0.12829] color: 32 (rgba 8880), depth: 0, stencil: 0, acc: 0000, samples: 0/0
display  D   display_settings.c:398  _al_score_display_settings       [   0.12830] Single Buffer requirement not met.
display  D   display_settings.c:212  debug_display_settings           [   0.12831] color: 32 (rgba 8880), depth: 0, stencil: 0, acc: 0000, samples: 2/1
display  D   display_settings.c:398  _al_score_display_settings       [   0.12833] Single Buffer requirement not met.
display  D   display_settings.c:212  debug_display_settings           [   0.12834] color: 32 (rgba 8880), depth: 0, stencil: 0, acc: 0000, samples: 3/1
display  D   display_settings.c:398  _al_score_display_settings       [   0.12835] Single Buffer requirement not met.
display  D   display_settings.c:212  debug_display_settings           [   0.12837] color: 32 (rgba 8880), depth: 24, stencil: 8, acc: 0000, samples: 0/0
display  D   display_settings.c:398  _al_score_display_settings       [   0.12838] Single Buffer requirement not met.
display  D   display_settings.c:212  debug_display_settings           [   0.12839] color: 32 (rgba 8880), depth: 24, stencil: 8, acc: 0000, samples: 0/0
display  D   display_settings.c:398  _al_score_display_settings       [   0.12841] Single Buffer requirement not met.
display  D   display_settings.c:212  debug_display_settings           [   0.12842] color: 32 (rgba 8880), depth: 24, stencil: 8, acc: 0000, samples: 2/1
display  D   display_settings.c:398  _al_score_display_settings       [   0.12843] Single Buffer requirement not met.
display  D   display_settings.c:212  debug_display_settings           [   0.12845] color: 32 (rgba 8880), depth: 24, stencil: 8, acc: 0000, samples: 3/1
display  D   display_settings.c:398  _al_score_display_settings       [   0.12846] Single Buffer requirement not met.
display  D   display_settings.c:212  debug_display_settings           [   0.12847] color: 32 (rgba 8880), depth: 24, stencil: 0, acc: 0000, samples: 0/0
display  D   display_settings.c:398  _al_score_display_settings       [   0.12849] Single Buffer requirement not met.
display  D   display_settings.c:212  debug_display_settings           [   0.12850] color: 32 (rgba 8880), depth: 24, stencil: 0, acc: 0000, samples: 0/0
display  D   display_settings.c:398  _al_score_display_settings       [   0.12851] Single Buffer requirement not met.
display  D   display_settings.c:212  debug_display_settings           [   0.12853] color: 32 (rgba 8880), depth: 24, stencil: 0, acc: 0000, samples: 2/1
display  D   display_settings.c:398  _al_score_display_settings       [   0.12854] Single Buffer requirement not met.
display  D   display_settings.c:212  debug_display_settings           [   0.12855] color: 32 (rgba 8880), depth: 24, stencil: 0, acc: 0000, samples: 3/1
display  D   display_settings.c:398  _al_score_display_settings       [   0.12857] Single Buffer requirement not met.
display  D   display_settings.c:212  debug_display_settings           [   0.12858] color: 32 (rgba 8880), depth: 16, stencil: 0, acc: 0000, samples: 0/0
display  D   display_settings.c:398  _al_score_display_settings       [   0.12859] Single Buffer requirement not met.
display  D   display_settings.c:212  debug_display_settings           [   0.12861] color: 32 (rgba 8880), depth: 16, stencil: 0, acc: 0000, samples: 0/0
display  D   display_settings.c:398  _al_score_display_settings       [   0.12862] Single Buffer requirement not met.
display  D   display_settings.c:212  debug_display_settings           [   0.12863] color: 32 (rgba 8880), depth: 16, stencil: 0, acc: 0000, samples: 2/1
display  D   display_settings.c:398  _al_score_display_settings       [   0.12865] Single Buffer requirement not met.
display  D   display_settings.c:212  debug_display_settings           [   0.12866] color: 32 (rgba 8880), depth: 16, stencil: 0, acc: 0000, samples: 3/1
display  D   display_settings.c:398  _al_score_display_settings       [   0.12867] Single Buffer requirement not met.
display  D   display_settings.c:212  debug_display_settings           [   0.12869] color: 16 (rgba 5650), depth: 0, stencil: 0, acc: 0000, samples: 0/0
display  D   display_settings.c:398  _al_score_display_settings       [   0.12870] Single Buffer requirement not met.
display  D   display_settings.c:212  debug_display_settings           [   0.12871] color: 16 (rgba 5650), depth: 0, stencil: 0, acc: 0000, samples: 0/0
display  D   display_settings.c:398  _al_score_display_settings       [   0.12873] Single Buffer requirement not met.
display  D   display_settings.c:212  debug_display_settings           [   0.12874] color: 16 (rgba 5650), depth: 0, stencil: 0, acc: 0000, samples: 2/1
display  D   display_settings.c:398  _al_score_display_settings       [   0.12875] Single Buffer requirement not met.
display  D   display_settings.c:212  debug_display_settings           [   0.12877] color: 16 (rgba 5650), depth: 0, stencil: 0, acc: 0000, samples: 3/1
display  D   display_settings.c:398  _al_score_display_settings       [   0.12878] Single Buffer requirement not met.
display  D   display_settings.c:212  debug_display_settings           [   0.12879] color: 16 (rgba 5650), depth: 24, stencil: 8, acc: 0000, samples: 0/0
display  D   display_settings.c:398  _al_score_display_settings       [   0.12881] Single Buffer requirement not met.
display  D   display_settings.c:212  debug_display_settings           [   0.12882] color: 16 (rgba 5650), depth: 24, stencil: 8, acc: 0000, samples: 0/0
display  D   display_settings.c:398  _al_score_display_settings       [   0.12883] Single Buffer requirement not met.
display  D   display_settings.c:212  debug_display_settings           [   0.12885] color: 16 (rgba 5650), depth: 24, stencil: 8, acc: 0000, samples: 2/1
display  D   display_settings.c:398  _al_score_display_settings       [   0.12886] Single Buffer requirement not met.
display  D   display_settings.c:212  debug_display_settings           [   0.12887] color: 16 (rgba 5650), depth: 24, stencil: 8, acc: 0000, samples: 3/1
display  D   display_settings.c:398  _al_score_display_settings       [   0.12889] Single Buffer requirement not met.
display  D   display_settings.c:212  debug_display_settings           [   0.12890] color: 16 (rgba 5650), depth: 24, stencil: 0, acc: 0000, samples: 0/0
display  D   display_settings.c:398  _al_score_display_settings       [   0.12892] Single Buffer requirement not met.
display  D   display_settings.c:212  debug_display_settings           [   0.12893] color: 16 (rgba 5650), depth: 24, stencil: 0, acc: 0000, samples: 0/0
display  D   display_settings.c:398  _al_score_display_settings       [   0.12894] Single Buffer requirement not met.
display  D   display_settings.c:212  debug_display_settings           [   0.12895] color: 16 (rgba 5650), depth: 24, stencil: 0, acc: 0000, samples: 2/1
display  D   display_settings.c:398  _al_score_display_settings       [   0.12897] Single Buffer requirement not met.
display  D   display_settings.c:212  debug_display_settings           [   0.12898] color: 16 (rgba 5650), depth: 24, stencil: 0, acc: 0000, samples: 3/1
display  D   display_settings.c:398  _al_score_display_settings       [   0.12900] Single Buffer requirement not met.
display  D   display_settings.c:212  debug_display_settings           [   0.12901] color: 16 (rgba 5650), depth: 16, stencil: 0, acc: 0000, samples: 0/0
display  D   display_settings.c:398  _al_score_display_settings       [   0.12902] Single Buffer requirement not met.
display  D   display_settings.c:212  debug_display_settings           [   0.12903] color: 16 (rgba 5650), depth: 16, stencil: 0, acc: 0000, samples: 0/0
display  D   display_settings.c:398  _al_score_display_settings       [   0.12905] Single Buffer requirement not met.
display  D   display_settings.c:212  debug_display_settings           [   0.12906] color: 16 (rgba 5650), depth: 16, stencil: 0, acc: 0000, samples: 2/1
display  D   display_settings.c:398  _al_score_display_settings       [   0.12907] Single Buffer requirement not met.
display  D   display_settings.c:212  debug_display_settings           [   0.12909] color: 16 (rgba 5650), depth: 16, stencil: 0, acc: 0000, samples: 3/1
display  D   display_settings.c:398  _al_score_display_settings       [   0.12910] Single Buffer requirement not met.
d3d      D         d3d_disp.cpp:1682 d3d_create_display_internals     [   0.12913] Trying format 0.
d3d      I         d3d_disp.cpp:1358 d3d_display_thread_proc          [   0.12941] Chose a display format: 23
d3d      I         d3d_disp.cpp:1427 d3d_display_thread_proc          [   0.12946] Normal window.
d3d      I         d3d_disp.cpp:791  d3d_create_device                [   0.16535] Using no depth stencil buffer
d3d      D         d3d_disp.cpp:853  d3d_create_device                [   0.19711] BeginScene succeeded in create_device
d3d      D         d3d_disp.cpp:861  d3d_create_device                [   0.19717] Success
d3d      D         d3d_disp.cpp:1705 d3d_create_display_internals     [   0.19721] Resumed after wait.
d3d      I         d3d_disp.cpp:1738 d3d_create_display_internals     [   0.19728] Format 0 succeeded.
d3d      D         d3d_disp.cpp:1769 d3d_create_display_internals     [   0.19730] Returning d3d_display: 00000000006cbd20
d3d      D         d3d_disp.cpp:1794 d3d_create_display_locked        [   0.19732] al_display=00000000006cbd20
d3d      D         d3d_disp.cpp:1795 d3d_create_display_locked        [   0.19733] al_display->vt=00000000006cbbb0
system   D            wsystem.c:874  _al_win_safe_load_library        [   0.19758] PathFindOnPath found: C:\WINDOWS\system32\d3dx9_43.dll
system   D            wsystem.c:780  load_library_at_path             [   0.19760] Calling LoadLibrary C:\WINDOWS\system32\d3dx9_43.dll
system   I            wsystem.c:783  load_library_at_path             [   0.19802] Loaded C:\WINDOWS\system32\d3dx9_43.dll
d3dx9    I        d3d_d3dx9.cpp:88   _imp_load_d3dx9_module_version   [   0.19805] Module "d3dx9_43.dll" loaded.
stdio    D         file_stdio.c:110  file_stdio_fopen                 [   0.19811] opening assets/font/pirulen.ttf rb
font     D                ttf.c:943  al_load_ttf_font_stretch_f       [   0.19850] Font assets/font/pirulen.ttf loaded with pixel size 0 x 12.
font     D                ttf.c:945  al_load_ttf_font_stretch_f       [   0.19852]     ascent=12.0, descent=-3.0, height=14.0
dtor     D               dtor.c:196  _al_register_destructor          [   0.19854] added dtor for ttf_font 000000000294f8a0, func 00007ffad6ef4c05
stdio    D         file_stdio.c:110  file_stdio_fopen                 [   0.19856] opening assets/sound/menu.mp3 rb
dtor     D               dtor.c:196  _al_register_destructor          [   0.83108] added dtor for sample 000000000294fea0, func 00007ffad6f01a1d
audio-dsound D           dsound.cpp:311  _dsound_allocate_voice           [   0.83119] Allocating voice
audio-dsound D           dsound.cpp:370  _dsound_allocate_voice           [   0.83121] Allocated voice
dtor     D               dtor.c:196  _al_register_destructor          [   0.83123] added dtor for voice 0000000002958330, func 00007ffad6f05024
dtor     D               dtor.c:196  _al_register_destructor          [   0.83125] added dtor for mixer 00000000029595c0, func 00007ffad6f004dc
audio-dsound D           dsound.cpp:466  _dsound_start_voice              [   0.83127] Starting voice
audio-dsound D           dsound.cpp:494  _dsound_start_voice              [   0.83128] CreateSoundBuffer
audio-dsound D           dsound.cpp:502  _dsound_start_voice              [   0.83344] CreateSoundBuffer succeeded
audio-dsound D           dsound.cpp:508  _dsound_start_voice              [   0.83350] Starting _dsound_update thread
audio-dsound I           dsound.cpp:518  _dsound_start_voice              [   0.83357] Voice started
dtor     D               dtor.c:196  _al_register_destructor          [   0.83359] added dtor for sample_instance 0000000002959af0, func 00007ffad6ef929b
audio    D          kcm_mixer.c:121  _al_rechannel_matrix             [   0.83361] sample matrix:
audio    D          kcm_mixer.c:127  _al_rechannel_matrix             [   0.83362] 
audio    D          kcm_mixer.c:127  _al_rechannel_matrix             [   0.83363] 
dtor     D               dtor.c:196  _al_register_destructor          [   0.83365] added dtor for sample_instance 0000000002959c10, func 00007ffad6ef929b
audio    D          kcm_mixer.c:121  _al_rechannel_matrix             [   0.83366] sample matrix:
audio    D          kcm_mixer.c:127  _al_rechannel_matrix             [   0.83369] 
audio    D          kcm_mixer.c:127  _al_rechannel_matrix             [   0.83371] 
dtor     D               dtor.c:196  _al_register_destructor          [   0.83372] added dtor for sample_instance 0000000002959d80, func 00007ffad6ef929b
audio    D          kcm_mixer.c:121  _al_rechannel_matrix             [   0.83373] sample matrix:
audio    D          kcm_mixer.c:127  _al_rechannel_matrix             [   0.83375] 
audio    D          kcm_mixer.c:127  _al_rechannel_matrix             [   0.83376] 
dtor     D               dtor.c:196  _al_register_destructor          [   0.83377] added dtor for sample_instance 0000000002959ea0, func 00007ffad6ef929b
audio    D          kcm_mixer.c:121  _al_rechannel_matrix             [   0.83378] sample matrix:
audio    D          kcm_mixer.c:127  _al_rechannel_matrix             [   0.83380] 
audio    D          kcm_mixer.c:127  _al_rechannel_matrix             [   0.83381] 
dtor     D               dtor.c:196  _al_register_destructor          [   0.83383] added dtor for sample_instance 0000000002956fd0, func 00007ffad6ef929b
audio    D          kcm_mixer.c:121  _al_rechannel_matrix             [   0.83385] sample matrix:
audio    D          kcm_mixer.c:127  _al_rechannel_matrix             [   0.83387] 
audio    D          kcm_mixer.c:127  _al_rechannel_matrix             [   0.83389] 
dtor     D               dtor.c:196  _al_register_destructor          [   0.83390] added dtor for sample_instance 00000000029573e0, func 00007ffad6ef929b
audio    D          kcm_mixer.c:121  _al_rechannel_matrix             [   0.83391] sample matrix:
audio    D          kcm_mixer.c:127  _al_rechannel_matrix             [   0.83393] 
audio    D          kcm_mixer.c:127  _al_rechannel_matrix             [   0.83394] 
dtor     D               dtor.c:196  _al_register_destructor          [   0.83395] added dtor for sample_instance 0000000002957500, func 00007ffad6ef929b
audio    D          kcm_mixer.c:121  _al_rechannel_matrix             [   0.83397] sample matrix:
audio    D          kcm_mixer.c:127  _al_rechannel_matrix             [   0.83398] 
audio    D          kcm_mixer.c:127  _al_rechannel_matrix             [   0.83399] 
dtor     D               dtor.c:196  _al_register_destructor          [   0.83401] added dtor for sample_instance 0000000002959800, func 00007ffad6ef929b
audio    D          kcm_mixer.c:121  _al_rechannel_matrix             [   0.83402] sample matrix:
audio    D          kcm_mixer.c:127  _al_rechannel_matrix             [   0.83404] 
audio    D          kcm_mixer.c:127  _al_rechannel_matrix             [   0.83405] 
dtor     D               dtor.c:196  _al_register_destructor          [   0.83406] added dtor for sample_instance 0000000002957620, func 00007ffad6ef929b
audio    D          kcm_mixer.c:121  _al_rechannel_matrix             [   0.83417] sample matrix:
audio    D          kcm_mixer.c:127  _al_rechannel_matrix             [   0.83419] 
audio    D          kcm_mixer.c:127  _al_rechannel_matrix             [   0.83420] 
dtor     D               dtor.c:196  _al_register_destructor          [   0.83421] added dtor for sample_instance 0000000002957740, func 00007ffad6ef929b
audio    D          kcm_mixer.c:121  _al_rechannel_matrix             [   0.83422] sample matrix:
audio    D          kcm_mixer.c:127  _al_rechannel_matrix             [   0.83424] 
audio    D          kcm_mixer.c:127  _al_rechannel_matrix             [   0.83425] 
dtor     D               dtor.c:196  _al_register_destructor          [   0.83426] added dtor for sample_instance 0000000002957860, func 00007ffad6ef929b
audio    D          kcm_mixer.c:121  _al_rechannel_matrix             [   0.83427] sample matrix:
audio    D          kcm_mixer.c:127  _al_rechannel_matrix             [   0.83429] 
audio    D          kcm_mixer.c:127  _al_rechannel_matrix             [   0.83430] 
dtor     D               dtor.c:196  _al_register_destructor          [   0.83431] added dtor for sample_instance 0000000002957980, func 00007ffad6ef929b
audio    D          kcm_mixer.c:121  _al_rechannel_matrix             [   0.83432] sample matrix:
audio    D          kcm_mixer.c:127  _al_rechannel_matrix             [   0.83434] 
audio    D          kcm_mixer.c:127  _al_rechannel_matrix             [   0.83435] 
dtor     D               dtor.c:196  _al_register_destructor          [   0.83438] added dtor for sample_instance 0000000002966b80, func 00007ffad6ef929b
audio    D          kcm_mixer.c:121  _al_rechannel_matrix             [   0.83440] sample matrix:
audio    D          kcm_mixer.c:127  _al_rechannel_matrix             [   0.83441] 
audio    D          kcm_mixer.c:127  _al_rechannel_matrix             [   0.83442] 
dtor     D               dtor.c:196  _al_register_destructor          [   0.83443] added dtor for sample_instance 0000000002966ca0, func 00007ffad6ef929b
audio    D          kcm_mixer.c:121  _al_rechannel_matrix             [   0.83444] sample matrix:
audio    D          kcm_mixer.c:127  _al_rechannel_matrix             [   0.83446] 
audio    D          kcm_mixer.c:127  _al_rechannel_matrix             [   0.83447] 
dtor     D               dtor.c:196  _al_register_destructor          [   0.83449] added dtor for sample_instance 0000000002966160, func 00007ffad6ef929b
audio    D          kcm_mixer.c:121  _al_rechannel_matrix             [   0.83450] sample matrix:
audio    D          kcm_mixer.c:127  _al_rechannel_matrix             [   0.83452] 
audio    D          kcm_mixer.c:127  _al_rechannel_matrix             [   0.83453] 
dtor     D               dtor.c:196  _al_register_destructor          [   0.83454] added dtor for sample_instance 0000000002966940, func 00007ffad6ef929b
audio    D          kcm_mixer.c:121  _al_rechannel_matrix             [   0.83455] sample matrix:
audio    D          kcm_mixer.c:127  _al_rechannel_matrix             [   0.83456] 
audio    D          kcm_mixer.c:127  _al_rechannel_matrix             [   0.83458] 
dtor     D               dtor.c:196  _al_register_destructor          [   0.83459] added dtor for sample_instance 0000000002966820, func 00007ffad6ef929b
audio    D          kcm_mixer.c:121  _al_rechannel_matrix             [   0.83460] sample matrix:
audio    D          kcm_mixer.c:127  _al_rechannel_matrix             [   0.83461] 
audio    D          kcm_mixer.c:127  _al_rechannel_matrix             [   0.83462] 
dtor     D               dtor.c:196  _al_register_destructor          [   0.83464] added dtor for sample_instance 0000000002966040, func 00007ffad6ef929b
audio    D          kcm_mixer.c:121  _al_rechannel_matrix             [   0.83465] sample matrix:
audio    D          kcm_mixer.c:127  _al_rechannel_matrix             [   0.83466] 
audio    D          kcm_mixer.c:127  _al_rechannel_matrix             [   0.83467] 
dtor     D               dtor.c:196  _al_register_destructor          [   0.83470] added dtor for sample_instance 0000000002966280, func 00007ffad6ef929b
audio    D          kcm_mixer.c:121  _al_rechannel_matrix             [   0.83471] sample matrix:
audio    D          kcm_mixer.c:127  _al_rechannel_matrix             [   0.83473] 
audio    D          kcm_mixer.c:127  _al_rechannel_matrix             [   0.83474] 
dtor     D               dtor.c:196  _al_register_destructor          [   0.83475] added dtor for sample_instance 00000000029664c0, func 00007ffad6ef929b
audio    D          kcm_mixer.c:121  _al_rechannel_matrix             [   0.83476] sample matrix:
audio    D          kcm_mixer.c:127  _al_rechannel_matrix             [   0.83477] 
audio    D          kcm_mixer.c:127  _al_rechannel_matrix             [   0.83478] 
dtor     D               dtor.c:196  _al_register_destructor          [   0.83480] added dtor for sample_instance 0000000002966a60, func 00007ffad6ef929b
audio-dsound D           dsound.cpp:528  _dsound_stop_voice               [   0.83481] Stopping voice
audio-dsound D           dsound.cpp:545  _dsound_stop_voice               [   0.83482] Joining thread
audio-dsound D           dsound.cpp:551  _dsound_stop_voice               [   0.86697] Joined thread
audio-dsound D           dsound.cpp:553  _dsound_stop_voice               [   0.86702] Destroying thread
audio-dsound D           dsound.cpp:555  _dsound_stop_voice               [   0.86704] Thread destroyed
audio-dsound D           dsound.cpp:562  _dsound_stop_voice               [   0.86705] Releasing buffer
audio-dsound I           dsound.cpp:566  _dsound_stop_voice               [   0.86708] Voice stopped
audio-dsound D           dsound.cpp:466  _dsound_start_voice              [   0.86709] Starting voice
audio-dsound D           dsound.cpp:494  _dsound_start_voice              [   0.86711] CreateSoundBuffer
audio-dsound D           dsound.cpp:502  _dsound_start_voice              [   0.86722] CreateSoundBuffer succeeded
audio-dsound D           dsound.cpp:508  _dsound_start_voice              [   0.86724] Starting _dsound_update thread
audio-dsound I           dsound.cpp:518  _dsound_start_voice              [   0.86730] Voice started
audio    D          kcm_mixer.c:121  _al_rechannel_matrix             [   0.86732] sample matrix:
audio    D          kcm_mixer.c:127  _al_rechannel_matrix             [   0.86734]  0.707107 0.000000
audio    D          kcm_mixer.c:127  _al_rechannel_matrix             [   0.86736]  0.000000 0.707107
audio    D          kcm_mixer.c:121  _al_rechannel_matrix             [   0.86737] sample matrix:
audio    D          kcm_mixer.c:127  _al_rechannel_matrix             [   0.86739]  0.070711 0.000000
audio    D          kcm_mixer.c:127  _al_rechannel_matrix             [   0.86740]  0.000000 0.070711
dtor     D               dtor.c:196  _al_register_destructor          [   0.86742] added dtor for queue 0000000002957d90, func 00007ffad6dfc5dc
dtor     D               dtor.c:196  _al_register_destructor          [   0.87300] added dtor for timer 0000000002957e60, func 00007ffad6e0fb3b
stdio    D         file_stdio.c:110  file_stdio_fopen                 [   0.87311] opening assets/image/icon.jpg rb
stdio    D         file_stdio.c:110  file_stdio_fopen                 [   0.87343] opening assets/image/icon.jpg rb
d3d      D         d3d_disp.cpp:1202 real_choose_bitmap_format        [   0.87400] Fake format
d3d      D         d3d_disp.cpp:1202 real_choose_bitmap_format        [   0.87404] Fake format
d3d      D         d3d_disp.cpp:1202 real_choose_bitmap_format        [   0.87406] Fake format
d3d      D         d3d_disp.cpp:1202 real_choose_bitmap_format        [   0.87414] Fake format
d3d      D         d3d_disp.cpp:1202 real_choose_bitmap_format        [   0.87416] Fake format
d3d      D         d3d_disp.cpp:1202 real_choose_bitmap_format        [   0.87418] Fake format
d3d      D         d3d_disp.cpp:1202 real_choose_bitmap_format        [   0.87419] Fake format
d3d      D         d3d_disp.cpp:1202 real_choose_bitmap_format        [   0.87421] Fake format
d3d      D         d3d_disp.cpp:1202 real_choose_bitmap_format        [   0.87428] Fake format
d3d      D         d3d_disp.cpp:1210 real_choose_bitmap_format        [   0.87430] Alpha doesn't match
d3d      D         d3d_disp.cpp:1217 real_choose_bitmap_format        [   0.87431] Adapter format is 23
d3d      D         d3d_disp.cpp:1220 real_choose_bitmap_format        [   0.87434] Found a format
d3d      I         d3d_disp.cpp:2391 d3d_create_bitmap                [   0.87436] Chose bitmap format 9
dtor     D               dtor.c:196  _al_register_destructor          [   0.87511] added dtor for bitmap 000000000298d810, func 00007ffad6dd1bea
d3d      D         d3d_disp.cpp:1202 real_choose_bitmap_format        [   0.87786] Fake format
d3d      D         d3d_disp.cpp:1202 real_choose_bitmap_format        [   0.87790] Fake format
d3d      D         d3d_disp.cpp:1202 real_choose_bitmap_format        [   0.87791] Fake format
d3d      D         d3d_disp.cpp:1202 real_choose_bitmap_format        [   0.87793] Fake format
d3d      D         d3d_disp.cpp:1202 real_choose_bitmap_format        [   0.87794] Fake format
d3d      D         d3d_disp.cpp:1202 real_choose_bitmap_format        [   0.87796] Fake format
d3d      D         d3d_disp.cpp:1202 real_choose_bitmap_format        [   0.87797] Fake format
d3d      D         d3d_disp.cpp:1202 real_choose_bitmap_format        [   0.87801] Fake format
d3d      D         d3d_disp.cpp:1202 real_choose_bitmap_format        [   0.87803] Fake format
d3d      D         d3d_disp.cpp:1210 real_choose_bitmap_format        [   0.87804] Alpha doesn't match
d3d      D         d3d_disp.cpp:1217 real_choose_bitmap_format        [   0.87806] Adapter format is 23
d3d      D         d3d_disp.cpp:1220 real_choose_bitmap_format        [   0.87807] Found a format
d3d      I         d3d_disp.cpp:2391 d3d_create_bitmap                [   0.87809] Chose bitmap format 9
dtor     D               dtor.c:196  _al_register_destructor          [   0.87834] added dtor for bitmap 00000000029570f0, func 00007ffad6dd1bea
d3d      D          d3d_bmp.cpp:539  _al_d3d_sync_bitmap              [   0.88582] _al_d3d_sync_bitmap (system) ref count == 1
d3d      D          d3d_bmp.cpp:545  _al_d3d_sync_bitmap              [   0.88588] _al_d3d_sync_bitmap (video) ref count == 1
dtor     D               dtor.c:227  _al_unregister_destructor        [   0.88776] removed dtor for bitmap 00000000029570f0
d3d      D         d3d_disp.cpp:1202 real_choose_bitmap_format        [   0.88921] Fake format
d3d      D         d3d_disp.cpp:1202 real_choose_bitmap_format        [   0.88926] Fake format
d3d      D         d3d_disp.cpp:1202 real_choose_bitmap_format        [   0.88928] Fake format
d3d      D         d3d_disp.cpp:1202 real_choose_bitmap_format        [   0.88929] Fake format
d3d      D         d3d_disp.cpp:1202 real_choose_bitmap_format        [   0.88930] Fake format
d3d      D         d3d_disp.cpp:1202 real_choose_bitmap_format        [   0.88931] Fake format
d3d      D         d3d_disp.cpp:1202 real_choose_bitmap_format        [   0.88933] Fake format
d3d      D         d3d_disp.cpp:1202 real_choose_bitmap_format        [   0.88937] Fake format
d3d      D         d3d_disp.cpp:1202 real_choose_bitmap_format        [   0.88941] Fake format
d3d      D         d3d_disp.cpp:1210 real_choose_bitmap_format        [   0.88942] Alpha doesn't match
d3d      D         d3d_disp.cpp:1217 real_choose_bitmap_format        [   0.88944] Adapter format is 23
d3d      D         d3d_disp.cpp:1220 real_choose_bitmap_format        [   0.88945] Found a format
d3d      I         d3d_disp.cpp:2391 d3d_create_bitmap                [   0.88947] Chose bitmap format 9
dtor     D               dtor.c:196  _al_register_destructor          [   0.88970] added dtor for bitmap 00000000029570f0, func 00007ffad6dd1bea
d3d      D          d3d_bmp.cpp:539  _al_d3d_sync_bitmap              [   0.89324] _al_d3d_sync_bitmap (system) ref count == 1
d3d      D          d3d_bmp.cpp:545  _al_d3d_sync_bitmap              [   0.89332] _al_d3d_sync_bitmap (video) ref count == 1
dtor     D               dtor.c:227  _al_unregister_destructor        [   0.89634] removed dtor for bitmap 00000000029570f0
d3d      D         d3d_disp.cpp:1202 real_choose_bitmap_format        [   0.90641] Fake format
d3d      D         d3d_disp.cpp:1202 real_choose_bitmap_format        [   0.90645] Fake format
d3d      D         d3d_disp.cpp:1202 real_choose_bitmap_format        [   0.90646] Fake format
d3d      D         d3d_disp.cpp:1202 real_choose_bitmap_format        [   0.90648] Fake format
d3d      D         d3d_disp.cpp:1202 real_choose_bitmap_format        [   0.90649] Fake format
d3d      D         d3d_disp.cpp:1202 real_choose_bitmap_format        [   0.90650] Fake format
d3d      D         d3d_disp.cpp:1202 real_choose_bitmap_format        [   0.90651] Fake format
d3d      D         d3d_disp.cpp:1202 real_choose_bitmap_format        [   0.90653] Fake format
d3d      D         d3d_disp.cpp:1202 real_choose_bitmap_format        [   0.90654] Fake format
d3d      D         d3d_disp.cpp:1210 real_choose_bitmap_format        [   0.90655] Alpha doesn't match
d3d      D         d3d_disp.cpp:1217 real_choose_bitmap_format        [   0.90660] Adapter format is 23
d3d      D         d3d_disp.cpp:1220 real_choose_bitmap_format        [   0.90664] Found a format
d3d      I         d3d_disp.cpp:2391 d3d_create_bitmap                [   0.90665] Chose bitmap format 9
font     D                ttf.c:243  alloc_glyph_region               [   0.90707] Glyph 50: 13x11 (16x12)
font     D                ttf.c:287  alloc_glyph_region               [   0.90710] Locking glyph region: 0000000002984d70 0 0 16 12
font     D                ttf.c:167  unlock_current_page              [   0.90739] Unlocking page: 0000000002984d70
font     D                ttf.c:243  alloc_glyph_region               [   0.90759] Glyph 84: 13x11 (16x12)
font     D                ttf.c:287  alloc_glyph_region               [   0.90761] Locking glyph region: 0000000002984d70 16 0 16 12
font     D                ttf.c:167  unlock_current_page              [   0.90765] Unlocking page: 0000000002984d70
font     D                ttf.c:243  alloc_glyph_region               [   0.90775] Glyph 71: 12x11 (12x12)
font     D                ttf.c:287  alloc_glyph_region               [   0.90776] Locking glyph region: 0000000002984d70 32 0 12 12
font     D                ttf.c:167  unlock_current_page              [   0.90780] Unlocking page: 0000000002984d70
font     D                ttf.c:243  alloc_glyph_region               [   0.90791] Glyph 85: 13x11 (16x12)
font     D                ttf.c:287  alloc_glyph_region               [   0.90792] Locking glyph region: 0000000002984d70 44 0 16 12
font     D                ttf.c:167  unlock_current_page              [   0.90795] Unlocking page: 0000000002984d70
font     D                ttf.c:446  cache_glyph                      [   0.90797] Glyph 2 has zero size.
font     D                ttf.c:243  alloc_glyph_region               [   0.90801] Glyph 9: 5x5 (8x8)
font     D                ttf.c:287  alloc_glyph_region               [   0.90803] Locking glyph region: 0000000002984d70 60 0 8 8
font     D                ttf.c:167  unlock_current_page              [   0.90805] Unlocking page: 0000000002984d70
font     D                ttf.c:243  alloc_glyph_region               [   0.90814] Glyph 39: 12x11 (12x12)
font     D                ttf.c:287  alloc_glyph_region               [   0.90815] Locking glyph region: 0000000002984d70 68 0 12 12
font     D                ttf.c:167  unlock_current_page              [   0.90818] Unlocking page: 0000000002984d70
font     D                ttf.c:243  alloc_glyph_region               [   0.90834] Glyph 80: 14x11 (16x12)
font     D                ttf.c:287  alloc_glyph_region               [   0.90836] Locking glyph region: 0000000002984d70 80 0 16 12
font     D                ttf.c:167  unlock_current_page              [   0.90872] Unlocking page: 0000000002984d70
font     D                ttf.c:243  alloc_glyph_region               [   0.90882] Glyph 86: 13x11 (16x12)
font     D                ttf.c:287  alloc_glyph_region               [   0.90884] Locking glyph region: 0000000002984d70 96 0 16 12
font     D                ttf.c:167  unlock_current_page              [   0.90887] Unlocking page: 0000000002984d70
font     D                ttf.c:243  alloc_glyph_region               [   0.90896] Glyph 81: 14x11 (16x12)
font     D                ttf.c:287  alloc_glyph_region               [   0.90898] Locking glyph region: 0000000002984d70 112 0 16 12
font     D                ttf.c:167  unlock_current_page              [   0.90900] Unlocking page: 0000000002984d70
font     D                ttf.c:243  alloc_glyph_region               [   0.90907] Glyph 67: 15x11 (16x12)
font     D                ttf.c:287  alloc_glyph_region               [   0.90908] Locking glyph region: 0000000002984d70 128 0 16 12
font     D                ttf.c:167  unlock_current_page              [   0.90911] Unlocking page: 0000000002984d70
d3d      D          d3d_bmp.cpp:539  _al_d3d_sync_bitmap              [   0.91394] _al_d3d_sync_bitmap (system) ref count == 1
d3d      D          d3d_bmp.cpp:545  _al_d3d_sync_bitmap              [   0.91400] _al_d3d_sync_bitmap (video) ref count == 1
d3d      D          d3d_bmp.cpp:539  _al_d3d_sync_bitmap              [   0.91490] _al_d3d_sync_bitmap (system) ref count == 1
d3d      D          d3d_bmp.cpp:545  _al_d3d_sync_bitmap              [   0.91495] _al_d3d_sync_bitmap (video) ref count == 1
dtor     D               dtor.c:227  _al_unregister_destructor        [   2.70744] removed dtor for ttf_font 000000000294f8a0
dtor     D               dtor.c:227  _al_unregister_destructor        [   2.70827] removed dtor for sample 000000000294fea0
dtor     D               dtor.c:227  _al_unregister_destructor        [   2.71050] removed dtor for sample_instance 0000000002966a60
stdio    D         file_stdio.c:110  file_stdio_fopen                 [   2.71055] opening assets/image/stage.jpg rb
stdio    D         file_stdio.c:110  file_stdio_fopen                 [   2.71087] opening assets/image/stage.jpg rb
d3d      D         d3d_disp.cpp:1202 real_choose_bitmap_format        [   2.71115] Fake format
d3d      D         d3d_disp.cpp:1202 real_choose_bitmap_format        [   2.71117] Fake format
d3d      D         d3d_disp.cpp:1202 real_choose_bitmap_format        [   2.71119] Fake format
d3d      D         d3d_disp.cpp:1202 real_choose_bitmap_format        [   2.71120] Fake format
d3d      D         d3d_disp.cpp:1202 real_choose_bitmap_format        [   2.71121] Fake format
d3d      D         d3d_disp.cpp:1202 real_choose_bitmap_format        [   2.71123] Fake format
d3d      D         d3d_disp.cpp:1202 real_choose_bitmap_format        [   2.71124] Fake format
d3d      D         d3d_disp.cpp:1202 real_choose_bitmap_format        [   2.71125] Fake format
d3d      D         d3d_disp.cpp:1202 real_choose_bitmap_format        [   2.71127] Fake format
d3d      D         d3d_disp.cpp:1210 real_choose_bitmap_format        [   2.71128] Alpha doesn't match
d3d      D         d3d_disp.cpp:1217 real_choose_bitmap_format        [   2.71129] Adapter format is 23
d3d      D         d3d_disp.cpp:1220 real_choose_bitmap_format        [   2.71131] Found a format
d3d      I         d3d_disp.cpp:2391 d3d_create_bitmap                [   2.71132] Chose bitmap format 9
dtor     D               dtor.c:196  _al_register_destructor          [   2.71177] added dtor for bitmap 0000000002984900, func 00007ffad6dd1bea
stdio    D         file_stdio.c:110  file_stdio_fopen                 [   2.71891] opening assets/image/player.png rb
stdio    D         file_stdio.c:110  file_stdio_fopen                 [   2.71914] opening assets/image/player.png rb
d3d      D         d3d_disp.cpp:1202 real_choose_bitmap_format        [   2.71934] Fake format
d3d      D         d3d_disp.cpp:1202 real_choose_bitmap_format        [   2.71936] Fake format
d3d      D         d3d_disp.cpp:1202 real_choose_bitmap_format        [   2.71937] Fake format
d3d      D         d3d_disp.cpp:1202 real_choose_bitmap_format        [   2.71939] Fake format
d3d      D         d3d_disp.cpp:1202 real_choose_bitmap_format        [   2.71940] Fake format
d3d      D         d3d_disp.cpp:1202 real_choose_bitmap_format        [   2.71941] Fake format
d3d      D         d3d_disp.cpp:1202 real_choose_bitmap_format        [   2.71943] Fake format
d3d      D         d3d_disp.cpp:1202 real_choose_bitmap_format        [   2.71944] Fake format
d3d      D         d3d_disp.cpp:1202 real_choose_bitmap_format        [   2.71945] Fake format
d3d      D         d3d_disp.cpp:1210 real_choose_bitmap_format        [   2.71946] Alpha doesn't match
d3d      D         d3d_disp.cpp:1217 real_choose_bitmap_format        [   2.71948] Adapter format is 23
d3d      D         d3d_disp.cpp:1220 real_choose_bitmap_format        [   2.71949] Found a format
d3d      I         d3d_disp.cpp:2391 d3d_create_bitmap                [   2.71951] Chose bitmap format 9
dtor     D               dtor.c:196  _al_register_destructor          [   2.71989] added dtor for bitmap 0000000002983c00, func 00007ffad6dd1bea
stdio    D         file_stdio.c:110  file_stdio_fopen                 [   2.72234] opening assets/sound/atk_sound.wav rb
wav      E                wav.c:121  wav_open                         [   2.72260] Bad RIFF type.
dtor     D               dtor.c:196  _al_register_destructor          [   2.72267] added dtor for sample 00000000029816a0, func 00007ffad6f01a1d
dtor     D               dtor.c:196  _al_register_destructor          [   2.72272] added dtor for sample_instance 00000000029665e0, func 00007ffad6ef929b
audio    D          kcm_mixer.c:121  _al_rechannel_matrix             [   2.72276] sample matrix:
audio    D          kcm_mixer.c:127  _al_rechannel_matrix             [   2.72278]  0.500000
audio    D          kcm_mixer.c:127  _al_rechannel_matrix             [   2.72280]  0.500000
stdio    D         file_stdio.c:110  file_stdio_fopen                 [   2.72281] opening assets/font/pirulen.ttf rb
font     D                ttf.c:943  al_load_ttf_font_stretch_f       [   2.72315] Font assets/font/pirulen.ttf loaded with pixel size 0 x 15.
font     D                ttf.c:945  al_load_ttf_font_stretch_f       [   2.72322]     ascent=15.0, descent=-4.0, height=18.0
dtor     D               dtor.c:196  _al_register_destructor          [   2.72324] added dtor for ttf_font 0000000002981580, func 00007ffad6ef4c05
stdio    D         file_stdio.c:110  file_stdio_fopen                 [   2.72326] opening assets/image/monster.png rb
stdio    D         file_stdio.c:110  file_stdio_fopen                 [   2.72342] opening assets/image/monster.png rb
d3d      D         d3d_disp.cpp:1202 real_choose_bitmap_format        [   2.72355] Fake format
d3d      D         d3d_disp.cpp:1202 real_choose_bitmap_format        [   2.72357] Fake format
d3d      D         d3d_disp.cpp:1202 real_choose_bitmap_format        [   2.72359] Fake format
d3d      D         d3d_disp.cpp:1202 real_choose_bitmap_format        [   2.72362] Fake format
d3d      D         d3d_disp.cpp:1202 real_choose_bitmap_format        [   2.72363] Fake format
d3d      D         d3d_disp.cpp:1202 real_choose_bitmap_format        [   2.72366] Fake format
d3d      D         d3d_disp.cpp:1202 real_choose_bitmap_format        [   2.72367] Fake format
d3d      D         d3d_disp.cpp:1202 real_choose_bitmap_format        [   2.72368] Fake format
d3d      D         d3d_disp.cpp:1202 real_choose_bitmap_format        [   2.72369] Fake format
d3d      D         d3d_disp.cpp:1210 real_choose_bitmap_format        [   2.72371] Alpha doesn't match
d3d      D         d3d_disp.cpp:1217 real_choose_bitmap_format        [   2.72373] Adapter format is 23
d3d      D         d3d_disp.cpp:1220 real_choose_bitmap_format        [   2.72375] Found a format
d3d      I         d3d_disp.cpp:2391 d3d_create_bitmap                [   2.72377] Chose bitmap format 9
dtor     D               dtor.c:196  _al_register_destructor          [   2.72420] added dtor for bitmap 0000000002985b20, func 00007ffad6dd1bea
d3d      D         d3d_disp.cpp:1202 real_choose_bitmap_format        [   2.72667] Fake format
d3d      D         d3d_disp.cpp:1202 real_choose_bitmap_format        [   2.72670] Fake format
d3d      D         d3d_disp.cpp:1202 real_choose_bitmap_format        [   2.72672] Fake format
d3d      D         d3d_disp.cpp:1202 real_choose_bitmap_format        [   2.72673] Fake format
d3d      D         d3d_disp.cpp:1202 real_choose_bitmap_format        [   2.72674] Fake format
d3d      D         d3d_disp.cpp:1202 real_choose_bitmap_format        [   2.72676] Fake format
d3d      D         d3d_disp.cpp:1202 real_choose_bitmap_format        [   2.72677] Fake format
d3d      D         d3d_disp.cpp:1202 real_choose_bitmap_format        [   2.72679] Fake format
d3d      D         d3d_disp.cpp:1202 real_choose_bitmap_format        [   2.72680] Fake format
d3d      D         d3d_disp.cpp:1210 real_choose_bitmap_format        [   2.72682] Alpha doesn't match
d3d      D         d3d_disp.cpp:1217 real_choose_bitmap_format        [   2.72683] Adapter format is 23
d3d      D         d3d_disp.cpp:1220 real_choose_bitmap_format        [   2.72685] Found a format
d3d      I         d3d_disp.cpp:2391 d3d_create_bitmap                [   2.72687] Chose bitmap format 9
font     D                ttf.c:243  alloc_glyph_region               [   2.72739] Glyph 57: 23x13 (24x16)
font     D                ttf.c:287  alloc_glyph_region               [   2.72743] Locking glyph region: 0000000002950c60 0 0 24 16
font     D                ttf.c:167  unlock_current_page              [   2.72958] Unlocking page: 0000000002950c60
font     D                ttf.c:243  alloc_glyph_region               [   2.72972] Glyph 67: 18x13 (20x16)
font     D                ttf.c:287  alloc_glyph_region               [   2.72974] Locking glyph region: 0000000002950c60 24 0 20 16
font     D                ttf.c:167  unlock_current_page              [   2.73025] Unlocking page: 0000000002950c60
font     D                ttf.c:243  alloc_glyph_region               [   2.73041] Glyph 91: 18x13 (20x16)
font     D                ttf.c:287  alloc_glyph_region               [   2.73042] Locking glyph region: 0000000002950c60 44 0 20 16
font     D                ttf.c:167  unlock_current_page              [   2.73047] Unlocking page: 0000000002950c60
font     D                ttf.c:243  alloc_glyph_region               [   2.73056] Glyph 80: 17x13 (20x16)
font     D                ttf.c:287  alloc_glyph_region               [   2.73058] Locking glyph region: 0000000002950c60 64 0 20 16
font     D                ttf.c:167  unlock_current_page              [   2.73063] Unlocking page: 0000000002950c60
font     D                ttf.c:243  alloc_glyph_region               [   2.73073] Glyph 71: 14x13 (16x16)
font     D                ttf.c:287  alloc_glyph_region               [   2.73075] Locking glyph region: 0000000002950c60 84 0 16 16
font     D                ttf.c:167  unlock_current_page              [   2.73145] Unlocking page: 0000000002950c60
font     D                ttf.c:243  alloc_glyph_region               [   2.73165] Glyph 79: 20x13 (20x16)
font     D                ttf.c:287  alloc_glyph_region               [   2.73167] Locking glyph region: 0000000002950c60 100 0 20 16
font     D                ttf.c:167  unlock_current_page              [   2.73233] Unlocking page: 0000000002950c60
font     D                ttf.c:243  alloc_glyph_region               [   2.73250] Glyph 81: 17x13 (20x16)
font     D                ttf.c:287  alloc_glyph_region               [   2.73251] Locking glyph region: 0000000002950c60 120 0 20 16
font     D                ttf.c:167  unlock_current_page              [   2.73256] Unlocking page: 0000000002950c60
font     D                ttf.c:243  alloc_glyph_region               [   2.73264] Glyph 88: 18x13 (20x16)
font     D                ttf.c:287  alloc_glyph_region               [   2.73266] Locking glyph region: 0000000002950c60 140 0 20 16
font     D                ttf.c:167  unlock_current_page              [   2.73268] Unlocking page: 0000000002950c60
font     D                ttf.c:243  alloc_glyph_region               [   2.73277] Glyph 53: 16x13 (16x16)
font     D                ttf.c:287  alloc_glyph_region               [   2.73279] Locking glyph region: 0000000002950c60 160 0 16 16
font     D                ttf.c:167  unlock_current_page              [   2.73281] Unlocking page: 0000000002950c60
font     D                ttf.c:243  alloc_glyph_region               [   2.73291] Glyph 82: 15x13 (16x16)
font     D                ttf.c:287  alloc_glyph_region               [   2.73293] Locking glyph region: 0000000002950c60 176 0 16 16
font     D                ttf.c:167  unlock_current_page              [   2.73295] Unlocking page: 0000000002950c60
font     D                ttf.c:243  alloc_glyph_region               [   2.73305] Glyph 70: 17x13 (20x16)
font     D                ttf.c:287  alloc_glyph_region               [   2.73306] Locking glyph region: 0000000002950c60 192 0 20 16
font     D                ttf.c:167  unlock_current_page              [   2.73308] Unlocking page: 0000000002950c60
font     D                ttf.c:243  alloc_glyph_region               [   2.73315] Glyph 28: 5x10 (8x12)
font     D                ttf.c:287  alloc_glyph_region               [   2.73316] Locking glyph region: 0000000002950c60 212 0 8 12
font     D                ttf.c:167  unlock_current_page              [   2.73366] Unlocking page: 0000000002950c60
font     D                ttf.c:446  cache_glyph                      [   2.73373] Glyph 2 has zero size.
font     D                ttf.c:243  alloc_glyph_region               [   2.73380] Glyph 19: 7x13 (8x16)
font     D                ttf.c:287  alloc_glyph_region               [   2.73381] Locking glyph region: 0000000002950c60 220 0 8 16
font     D                ttf.c:167  unlock_current_page              [   2.73384] Unlocking page: 0000000002950c60
font     D                ttf.c:243  alloc_glyph_region               [   2.73402] Glyph 68: 15x13 (16x16)
font     D                ttf.c:287  alloc_glyph_region               [   2.73404] Locking glyph region: 0000000002950c60 228 0 16 16
font     D                ttf.c:167  unlock_current_page              [   2.73469] Unlocking page: 0000000002950c60
font     D                ttf.c:243  alloc_glyph_region               [   2.73487] Glyph 87: 17x13 (20x16)
font     D                ttf.c:287  alloc_glyph_region               [   2.73489] Locking glyph region: 0000000002950c60 244 0 20 16
font     D                ttf.c:167  unlock_current_page              [   2.73552] Unlocking page: 0000000002950c60
font     D                ttf.c:243  alloc_glyph_region               [   2.73567] Glyph 78: 14x13 (16x16)
font     D                ttf.c:287  alloc_glyph_region               [   2.73570] Locking glyph region: 0000000002950c60 264 0 16 16
font     D                ttf.c:167  unlock_current_page              [   2.73578] Unlocking page: 0000000002950c60
font     D                ttf.c:243  alloc_glyph_region               [   2.73586] Glyph 86: 16x13 (16x16)
font     D                ttf.c:287  alloc_glyph_region               [   2.73588] Locking glyph region: 0000000002950c60 280 0 16 16
font     D                ttf.c:167  unlock_current_page              [   2.73591] Unlocking page: 0000000002950c60
font     D                ttf.c:243  alloc_glyph_region               [   2.73610] Glyph 38: 17x13 (20x16)
font     D                ttf.c:287  alloc_glyph_region               [   2.73612] Locking glyph region: 0000000002950c60 296 0 20 16
font     D                ttf.c:167  unlock_current_page              [   2.73697] Unlocking page: 0000000002950c60
font     D                ttf.c:243  alloc_glyph_region               [   2.73720] Glyph 73: 16x13 (16x16)
font     D                ttf.c:287  alloc_glyph_region               [   2.73723] Locking glyph region: 0000000002950c60 316 0 16 16
font     D                ttf.c:167  unlock_current_page              [   2.73759] Unlocking page: 0000000002950c60
font     D                ttf.c:243  alloc_glyph_region               [   2.73839] Glyph 52: 16x13 (16x16)
font     D                ttf.c:287  alloc_glyph_region               [   2.73842] Locking glyph region: 0000000002950c60 332 0 16 16
font     D                ttf.c:167  unlock_current_page              [   2.73889] Unlocking page: 0000000002950c60
font     D                ttf.c:243  alloc_glyph_region               [   2.73947] Glyph 74: 16x13 (16x16)
font     D                ttf.c:287  alloc_glyph_region               [   2.73957] Locking glyph region: 0000000002950c60 348 0 16 16
font     D                ttf.c:167  unlock_current_page              [   2.74082] Unlocking page: 0000000002950c60
font     D                ttf.c:243  alloc_glyph_region               [   2.74105] Glyph 69: 15x13 (16x16)
font     D                ttf.c:287  alloc_glyph_region               [   2.74109] Locking glyph region: 0000000002950c60 364 0 16 16
font     D                ttf.c:167  unlock_current_page              [   2.74115] Unlocking page: 0000000002950c60
font     D                ttf.c:243  alloc_glyph_region               [   2.74128] Glyph 84: 16x13 (16x16)
font     D                ttf.c:287  alloc_glyph_region               [   2.74130] Locking glyph region: 0000000002950c60 380 0 16 16
font     D                ttf.c:167  unlock_current_page              [   2.74132] Unlocking page: 0000000002950c60
font     D                ttf.c:243  alloc_glyph_region               [   2.74150] Glyph 47: 20x13 (20x16)
font     D                ttf.c:287  alloc_glyph_region               [   2.74151] Locking glyph region: 0000000002950c60 396 0 20 16
font     D                ttf.c:167  unlock_current_page              [   2.74311] Unlocking page: 0000000002950c60
font     D                ttf.c:243  alloc_glyph_region               [   2.74331] Glyph 90: 17x13 (20x16)
font     D                ttf.c:287  alloc_glyph_region               [   2.74333] Locking glyph region: 0000000002950c60 416 0 20 16
font     D                ttf.c:167  unlock_current_page              [   2.74341] Unlocking page: 0000000002950c60
font     D                ttf.c:243  alloc_glyph_region               [   2.74363] Glyph 23: 14x13 (16x16)
font     D                ttf.c:287  alloc_glyph_region               [   2.74365] Locking glyph region: 0000000002950c60 436 0 16 16
font     D                ttf.c:167  unlock_current_page              [   2.74579] Unlocking page: 0000000002950c60
font     D                ttf.c:243  alloc_glyph_region               [   2.74599] Glyph 18: 15x13 (16x16)
font     D                ttf.c:287  alloc_glyph_region               [   2.74602] Locking glyph region: 0000000002950c60 452 0 16 16
font     D                ttf.c:167  unlock_current_page              [   2.74609] Unlocking page: 0000000002950c60
font     D                ttf.c:243  alloc_glyph_region               [   2.74619] Glyph 21: 14x13 (16x16)
font     D                ttf.c:287  alloc_glyph_region               [   2.74621] Locking glyph region: 0000000002950c60 468 0 16 16
font     D                ttf.c:167  unlock_current_page              [   2.74678] Unlocking page: 0000000002950c60
d3d      D          d3d_bmp.cpp:539  _al_d3d_sync_bitmap              [   2.76128] _al_d3d_sync_bitmap (system) ref count == 1
d3d      D          d3d_bmp.cpp:545  _al_d3d_sync_bitmap              [   2.76133] _al_d3d_sync_bitmap (video) ref count == 1
d3d      D          d3d_bmp.cpp:539  _al_d3d_sync_bitmap              [   2.76487] _al_d3d_sync_bitmap (system) ref count == 1
d3d      D          d3d_bmp.cpp:545  _al_d3d_sync_bitmap              [   2.76495] _al_d3d_sync_bitmap (video) ref count == 1
d3d      D          d3d_bmp.cpp:539  _al_d3d_sync_bitmap              [   2.76624] _al_d3d_sync_bitmap (system) ref count == 1
d3d      D          d3d_bmp.cpp:545  _al_d3d_sync_bitmap              [   2.76629] _al_d3d_sync_bitmap (video) ref count == 1
d3d      D          d3d_bmp.cpp:539  _al_d3d_sync_bitmap              [   2.76697] _al_d3d_sync_bitmap (system) ref count == 1
d3d      D          d3d_bmp.cpp:545  _al_d3d_sync_bitmap              [   2.76701] _al_d3d_sync_bitmap (video) ref count == 1
font     D                ttf.c:243  alloc_glyph_region               [   3.37519] Glyph 20: 14x13 (16x16)
font     D                ttf.c:287  alloc_glyph_region               [   3.37527] Locking glyph region: 0000000002950c60 484 0 16 16
font     D                ttf.c:167  unlock_current_page              [   3.37534] Unlocking page: 0000000002950c60
font     D                ttf.c:243  alloc_glyph_region               [   3.37552] Glyph 24: 15x13 (16x16)
font     D                ttf.c:287  alloc_glyph_region               [   3.37555] Locking glyph region: 0000000002950c60 0 16 16 16
font     D                ttf.c:167  unlock_current_page              [   3.37634] Unlocking page: 0000000002950c60
d3d      D          d3d_bmp.cpp:539  _al_d3d_sync_bitmap              [   3.37747] _al_d3d_sync_bitmap (system) ref count == 1
d3d      D          d3d_bmp.cpp:545  _al_d3d_sync_bitmap              [   3.37754] _al_d3d_sync_bitmap (video) ref count == 1
font     D                ttf.c:243  alloc_glyph_region               [   3.70790] Glyph 25: 15x13 (16x16)
font     D                ttf.c:287  alloc_glyph_region               [   3.70796] Locking glyph region: 0000000002950c60 16 16 16 16
font     D                ttf.c:167  unlock_current_page              [   3.70806] Unlocking page: 0000000002950c60
d3d      D          d3d_bmp.cpp:539  _al_d3d_sync_bitmap              [   3.71010] _al_d3d_sync_bitmap (system) ref count == 1
d3d      D          d3d_bmp.cpp:545  _al_d3d_sync_bitmap              [   3.71016] _al_d3d_sync_bitmap (video) ref count == 1
dtor     D               dtor.c:227  _al_unregister_destructor        [   3.87001] removed dtor for queue 0000000002957d90
d3d      I         d3d_disp.cpp:915  d3d_destroy_display              [   3.87010] destroying display 00000000006cbd20 (current 0000000000000000)
bitmap   D        bitmap_type.c:308  _al_convert_to_memory_bitmap     [   3.87371] converting display bitmap 0000000002950c60 to memory bitmap
dtor     D               dtor.c:196  _al_register_destructor          [   3.87383] added dtor for bitmap 000000000298c3a0, func 00007ffad6dd1bea
d3d      D          d3d_bmp.cpp:539  _al_d3d_sync_bitmap              [   3.87388] _al_d3d_sync_bitmap (system) ref count == 1
d3d      D          d3d_bmp.cpp:545  _al_d3d_sync_bitmap              [   3.87390] _al_d3d_sync_bitmap (video) ref count == 1
dtor     D               dtor.c:227  _al_unregister_destructor        [   3.87585] removed dtor for bitmap 000000000298c3a0
bitmap   D        bitmap_type.c:308  _al_convert_to_memory_bitmap     [   3.87640] converting display bitmap 0000000002985b20 to memory bitmap
dtor     D               dtor.c:196  _al_register_destructor          [   3.87645] added dtor for bitmap 000000000298c3a0, func 00007ffad6dd1bea
d3d      D          d3d_bmp.cpp:539  _al_d3d_sync_bitmap              [   3.87649] _al_d3d_sync_bitmap (system) ref count == 1
d3d      D          d3d_bmp.cpp:545  _al_d3d_sync_bitmap              [   3.87651] _al_d3d_sync_bitmap (video) ref count == 1
dtor     D               dtor.c:227  _al_unregister_destructor        [   3.87718] removed dtor for bitmap 000000000298c3a0
bitmap   D        bitmap_type.c:308  _al_convert_to_memory_bitmap     [   3.87769] converting display bitmap 0000000002983c00 to memory bitmap
dtor     D               dtor.c:196  _al_register_destructor          [   3.87777] added dtor for bitmap 000000000298c3a0, func 00007ffad6dd1bea
d3d      D          d3d_bmp.cpp:539  _al_d3d_sync_bitmap              [   3.87781] _al_d3d_sync_bitmap (system) ref count == 1
d3d      D          d3d_bmp.cpp:545  _al_d3d_sync_bitmap              [   3.87783] _al_d3d_sync_bitmap (video) ref count == 1
dtor     D               dtor.c:227  _al_unregister_destructor        [   3.87848] removed dtor for bitmap 000000000298c3a0
bitmap   D        bitmap_type.c:308  _al_convert_to_memory_bitmap     [   3.87907] converting display bitmap 0000000002984900 to memory bitmap
dtor     D               dtor.c:196  _al_register_destructor          [   3.87917] added dtor for bitmap 000000000298c3a0, func 00007ffad6dd1bea
d3d      D          d3d_bmp.cpp:539  _al_d3d_sync_bitmap              [   3.87921] _al_d3d_sync_bitmap (system) ref count == 1
d3d      D          d3d_bmp.cpp:545  _al_d3d_sync_bitmap              [   3.87923] _al_d3d_sync_bitmap (video) ref count == 1
dtor     D               dtor.c:227  _al_unregister_destructor        [   3.88267] removed dtor for bitmap 000000000298c3a0
bitmap   D        bitmap_type.c:308  _al_convert_to_memory_bitmap     [   3.88382] converting display bitmap 000000000298d810 to memory bitmap
dtor     D               dtor.c:196  _al_register_destructor          [   3.88391] added dtor for bitmap 000000000298c3a0, func 00007ffad6dd1bea
d3d      D          d3d_bmp.cpp:539  _al_d3d_sync_bitmap              [   3.88394] _al_d3d_sync_bitmap (system) ref count == 1
d3d      D          d3d_bmp.cpp:545  _al_d3d_sync_bitmap              [   3.88397] _al_d3d_sync_bitmap (video) ref count == 1
dtor     D               dtor.c:227  _al_unregister_destructor        [   3.88552] removed dtor for bitmap 000000000298c3a0
d3d      D         d3d_disp.cpp:899  d3d_destroy_display_internals    [   3.88617] waiting for display 00000000006cbd20's thread to end
d3d      W         d3d_disp.cpp:608  d3d_destroy_device               [   3.93051] d3d_destroy_device: ref count not 0
d3d      W         d3d_disp.cpp:608  d3d_destroy_device               [   3.93057] d3d_destroy_device: ref count not 0
d3d      I         d3d_disp.cpp:1562 d3d_display_thread_proc          [   3.98565] d3d display thread exits
dtor     D               dtor.c:227  _al_unregister_destructor        [   3.98713] removed dtor for bitmap 0000000002984900
dtor     D               dtor.c:227  _al_unregister_destructor        [   3.98737] removed dtor for sample_instance 00000000029665e0
dtor     D               dtor.c:227  _al_unregister_destructor        [   3.98739] removed dtor for bitmap 0000000002983c00
dtor     D               dtor.c:116  _al_run_destructors              [   3.98752] calling dtor for bitmap 0000000002985b20, func 00007ffad6dd1bea
dtor     D               dtor.c:227  _al_unregister_destructor        [   3.98757] removed dtor for bitmap 0000000002985b20
